<?xml version="1.0" encoding="UTF-8"?>
<testsuite xmlns:xsi="http://www.w3.org/2001/XMLSchema-instance" xsi:noNamespaceSchemaLocation="https://maven.apache.org/surefire/maven-surefire-plugin/xsd/surefire-test-report.xsd" name="com.heytrade.pokedex.controller.PokemonControllerTest" time="0.299" tests="6" errors="0" skipped="0" failures="0">
  <properties>
    <property name="java.specification.version" value="17"/>
    <property name="sun.jnu.encoding" value="UTF-8"/>
    <property name="java.class.path" value="/home/alvaro/IdeaProjects/heytrade_ta/target/test-classes:/home/alvaro/IdeaProjects/heytrade_ta/target/classes:/home/alvaro/.m2/repository/me/paulschwarz/spring-dotenv/2.5.4/spring-dotenv-2.5.4.jar:/home/alvaro/.m2/repository/io/github/cdimascio/dotenv-java/2.2.0/dotenv-java-2.2.0.jar:/home/alvaro/.m2/repository/com/google/code/gson/gson/2.9.0/gson-2.9.0.jar:/home/alvaro/.m2/repository/junit/junit/4.4/junit-4.4.jar:/home/alvaro/.m2/repository/org/mockito/mockito-core/4.0.0/mockito-core-4.0.0.jar:/home/alvaro/.m2/repository/net/bytebuddy/byte-buddy/1.12.12/byte-buddy-1.12.12.jar:/home/alvaro/.m2/repository/net/bytebuddy/byte-buddy-agent/1.12.12/byte-buddy-agent-1.12.12.jar:/home/alvaro/.m2/repository/org/objenesis/objenesis/3.2/objenesis-3.2.jar:/home/alvaro/.m2/repository/com/github/ben-manes/caffeine/caffeine/2.7.0/caffeine-2.7.0.jar:/home/alvaro/.m2/repository/org/checkerframework/checker-qual/2.6.0/checker-qual-2.6.0.jar:/home/alvaro/.m2/repository/com/google/errorprone/error_prone_annotations/2.3.3/error_prone_annotations-2.3.3.jar:/home/alvaro/.m2/repository/org/springframework/boot/spring-boot-starter-cache/2.2.4.RELEASE/spring-boot-starter-cache-2.2.4.RELEASE.jar:/home/alvaro/.m2/repository/org/springframework/boot/spring-boot-starter/2.7.2/spring-boot-starter-2.7.2.jar:/home/alvaro/.m2/repository/org/springframework/boot/spring-boot/2.7.2/spring-boot-2.7.2.jar:/home/alvaro/.m2/repository/org/springframework/boot/spring-boot-autoconfigure/2.7.2/spring-boot-autoconfigure-2.7.2.jar:/home/alvaro/.m2/repository/org/springframework/boot/spring-boot-starter-logging/2.7.2/spring-boot-starter-logging-2.7.2.jar:/home/alvaro/.m2/repository/ch/qos/logback/logback-classic/1.2.11/logback-classic-1.2.11.jar:/home/alvaro/.m2/repository/ch/qos/logback/logback-core/1.2.11/logback-core-1.2.11.jar:/home/alvaro/.m2/repository/org/apache/logging/log4j/log4j-to-slf4j/2.17.2/log4j-to-slf4j-2.17.2.jar:/home/alvaro/.m2/repository/org/apache/logging/log4j/log4j-api/2.17.2/log4j-api-2.17.2.jar:/home/alvaro/.m2/repository/org/slf4j/jul-to-slf4j/1.7.36/jul-to-slf4j-1.7.36.jar:/home/alvaro/.m2/repository/jakarta/annotation/jakarta.annotation-api/1.3.5/jakarta.annotation-api-1.3.5.jar:/home/alvaro/.m2/repository/org/yaml/snakeyaml/1.30/snakeyaml-1.30.jar:/home/alvaro/.m2/repository/org/springframework/spring-context-support/5.3.22/spring-context-support-5.3.22.jar:/home/alvaro/.m2/repository/org/springframework/boot/spring-boot-starter-validation/2.7.2/spring-boot-starter-validation-2.7.2.jar:/home/alvaro/.m2/repository/org/apache/tomcat/embed/tomcat-embed-el/9.0.65/tomcat-embed-el-9.0.65.jar:/home/alvaro/.m2/repository/org/hibernate/validator/hibernate-validator/6.2.3.Final/hibernate-validator-6.2.3.Final.jar:/home/alvaro/.m2/repository/jakarta/validation/jakarta.validation-api/2.0.2/jakarta.validation-api-2.0.2.jar:/home/alvaro/.m2/repository/org/jboss/logging/jboss-logging/3.4.3.Final/jboss-logging-3.4.3.Final.jar:/home/alvaro/.m2/repository/com/fasterxml/classmate/1.5.1/classmate-1.5.1.jar:/home/alvaro/.m2/repository/org/springframework/boot/spring-boot-starter-web/2.7.2/spring-boot-starter-web-2.7.2.jar:/home/alvaro/.m2/repository/org/springframework/boot/spring-boot-starter-json/2.7.2/spring-boot-starter-json-2.7.2.jar:/home/alvaro/.m2/repository/com/fasterxml/jackson/core/jackson-databind/2.13.3/jackson-databind-2.13.3.jar:/home/alvaro/.m2/repository/com/fasterxml/jackson/core/jackson-annotations/2.13.3/jackson-annotations-2.13.3.jar:/home/alvaro/.m2/repository/com/fasterxml/jackson/core/jackson-core/2.13.3/jackson-core-2.13.3.jar:/home/alvaro/.m2/repository/com/fasterxml/jackson/datatype/jackson-datatype-jdk8/2.13.3/jackson-datatype-jdk8-2.13.3.jar:/home/alvaro/.m2/repository/com/fasterxml/jackson/datatype/jackson-datatype-jsr310/2.13.3/jackson-datatype-jsr310-2.13.3.jar:/home/alvaro/.m2/repository/com/fasterxml/jackson/module/jackson-module-parameter-names/2.13.3/jackson-module-parameter-names-2.13.3.jar:/home/alvaro/.m2/repository/org/springframework/boot/spring-boot-starter-tomcat/2.7.2/spring-boot-starter-tomcat-2.7.2.jar:/home/alvaro/.m2/repository/org/apache/tomcat/embed/tomcat-embed-core/9.0.65/tomcat-embed-core-9.0.65.jar:/home/alvaro/.m2/repository/org/apache/tomcat/embed/tomcat-embed-websocket/9.0.65/tomcat-embed-websocket-9.0.65.jar:/home/alvaro/.m2/repository/org/springframework/spring-web/5.3.22/spring-web-5.3.22.jar:/home/alvaro/.m2/repository/org/springframework/spring-webmvc/5.3.22/spring-webmvc-5.3.22.jar:/home/alvaro/.m2/repository/org/springframework/spring-aop/5.3.22/spring-aop-5.3.22.jar:/home/alvaro/.m2/repository/org/springframework/spring-expression/5.3.22/spring-expression-5.3.22.jar:/home/alvaro/.m2/repository/org/springframework/boot/spring-boot-starter-data-mongodb/2.7.2/spring-boot-starter-data-mongodb-2.7.2.jar:/home/alvaro/.m2/repository/org/mongodb/mongodb-driver-sync/4.6.1/mongodb-driver-sync-4.6.1.jar:/home/alvaro/.m2/repository/org/mongodb/bson/4.6.1/bson-4.6.1.jar:/home/alvaro/.m2/repository/org/mongodb/mongodb-driver-core/4.6.1/mongodb-driver-core-4.6.1.jar:/home/alvaro/.m2/repository/org/mongodb/bson-record-codec/4.6.1/bson-record-codec-4.6.1.jar:/home/alvaro/.m2/repository/org/springframework/data/spring-data-mongodb/3.4.2/spring-data-mongodb-3.4.2.jar:/home/alvaro/.m2/repository/org/springframework/spring-tx/5.3.22/spring-tx-5.3.22.jar:/home/alvaro/.m2/repository/org/springframework/data/spring-data-commons/2.7.2/spring-data-commons-2.7.2.jar:/home/alvaro/.m2/repository/org/slf4j/slf4j-api/1.7.36/slf4j-api-1.7.36.jar:/home/alvaro/.m2/repository/org/springframework/boot/spring-boot-starter-graphql/2.7.2/spring-boot-starter-graphql-2.7.2.jar:/home/alvaro/.m2/repository/org/springframework/graphql/spring-graphql/1.0.1/spring-graphql-1.0.1.jar:/home/alvaro/.m2/repository/org/projectlombok/lombok/1.18.24/lombok-1.18.24.jar:/home/alvaro/.m2/repository/org/springframework/boot/spring-boot-starter-test/2.7.2/spring-boot-starter-test-2.7.2.jar:/home/alvaro/.m2/repository/org/springframework/boot/spring-boot-test/2.7.2/spring-boot-test-2.7.2.jar:/home/alvaro/.m2/repository/org/springframework/boot/spring-boot-test-autoconfigure/2.7.2/spring-boot-test-autoconfigure-2.7.2.jar:/home/alvaro/.m2/repository/com/jayway/jsonpath/json-path/2.7.0/json-path-2.7.0.jar:/home/alvaro/.m2/repository/net/minidev/json-smart/2.4.8/json-smart-2.4.8.jar:/home/alvaro/.m2/repository/net/minidev/accessors-smart/2.4.8/accessors-smart-2.4.8.jar:/home/alvaro/.m2/repository/org/ow2/asm/asm/9.1/asm-9.1.jar:/home/alvaro/.m2/repository/jakarta/xml/bind/jakarta.xml.bind-api/2.3.3/jakarta.xml.bind-api-2.3.3.jar:/home/alvaro/.m2/repository/jakarta/activation/jakarta.activation-api/1.2.2/jakarta.activation-api-1.2.2.jar:/home/alvaro/.m2/repository/org/assertj/assertj-core/3.22.0/assertj-core-3.22.0.jar:/home/alvaro/.m2/repository/org/hamcrest/hamcrest/2.2/hamcrest-2.2.jar:/home/alvaro/.m2/repository/org/junit/jupiter/junit-jupiter/5.8.2/junit-jupiter-5.8.2.jar:/home/alvaro/.m2/repository/org/junit/jupiter/junit-jupiter-api/5.8.2/junit-jupiter-api-5.8.2.jar:/home/alvaro/.m2/repository/org/opentest4j/opentest4j/1.2.0/opentest4j-1.2.0.jar:/home/alvaro/.m2/repository/org/junit/platform/junit-platform-commons/1.8.2/junit-platform-commons-1.8.2.jar:/home/alvaro/.m2/repository/org/apiguardian/apiguardian-api/1.1.2/apiguardian-api-1.1.2.jar:/home/alvaro/.m2/repository/org/junit/jupiter/junit-jupiter-params/5.8.2/junit-jupiter-params-5.8.2.jar:/home/alvaro/.m2/repository/org/junit/jupiter/junit-jupiter-engine/5.8.2/junit-jupiter-engine-5.8.2.jar:/home/alvaro/.m2/repository/org/junit/platform/junit-platform-engine/1.8.2/junit-platform-engine-1.8.2.jar:/home/alvaro/.m2/repository/org/mockito/mockito-junit-jupiter/4.5.1/mockito-junit-jupiter-4.5.1.jar:/home/alvaro/.m2/repository/org/skyscreamer/jsonassert/1.5.1/jsonassert-1.5.1.jar:/home/alvaro/.m2/repository/com/vaadin/external/google/android-json/0.0.20131108.vaadin1/android-json-0.0.20131108.vaadin1.jar:/home/alvaro/.m2/repository/org/springframework/spring-core/5.3.22/spring-core-5.3.22.jar:/home/alvaro/.m2/repository/org/springframework/spring-jcl/5.3.22/spring-jcl-5.3.22.jar:/home/alvaro/.m2/repository/org/springframework/spring-test/5.3.22/spring-test-5.3.22.jar:/home/alvaro/.m2/repository/org/xmlunit/xmlunit-core/2.9.0/xmlunit-core-2.9.0.jar:/home/alvaro/.m2/repository/org/springframework/spring-webflux/5.3.22/spring-webflux-5.3.22.jar:/home/alvaro/.m2/repository/org/springframework/spring-beans/5.3.22/spring-beans-5.3.22.jar:/home/alvaro/.m2/repository/io/projectreactor/reactor-core/3.4.21/reactor-core-3.4.21.jar:/home/alvaro/.m2/repository/org/reactivestreams/reactive-streams/1.0.4/reactive-streams-1.0.4.jar:/home/alvaro/.m2/repository/org/springframework/graphql/spring-graphql-test/1.0.1/spring-graphql-test-1.0.1.jar:/home/alvaro/.m2/repository/com/graphql-java/graphql-java/18.2/graphql-java-18.2.jar:/home/alvaro/.m2/repository/com/graphql-java/java-dataloader/3.1.2/java-dataloader-3.1.2.jar:/home/alvaro/.m2/repository/org/antlr/antlr4-runtime/4.9.3/antlr4-runtime-4.9.3.jar:/home/alvaro/.m2/repository/org/springframework/spring-context/5.3.22/spring-context-5.3.22.jar:"/>
    <property name="java.vm.vendor" value="Private Build"/>
    <property name="sun.arch.data.model" value="64"/>
    <property name="java.vendor.url" value="Unknown"/>
    <property name="os.name" value="Linux"/>
    <property name="java.vm.specification.version" value="17"/>
    <property name="sun.java.launcher" value="SUN_STANDARD"/>
    <property name="user.country" value="ES"/>
    <property name="sun.boot.library.path" value="/usr/lib/jvm/java-17-openjdk-amd64/lib"/>
    <property name="sun.java.command" value="/home/alvaro/IdeaProjects/heytrade_ta/target/surefire/surefirebooter16155212835604865305.jar /home/alvaro/IdeaProjects/heytrade_ta/target/surefire 2022-07-29T09-39-36_666-jvmRun1 surefire9092087897973390021tmp surefire_04298139865186070980tmp"/>
    <property name="jdk.debug" value="release"/>
    <property name="surefire.test.class.path" value="/home/alvaro/IdeaProjects/heytrade_ta/target/test-classes:/home/alvaro/IdeaProjects/heytrade_ta/target/classes:/home/alvaro/.m2/repository/me/paulschwarz/spring-dotenv/2.5.4/spring-dotenv-2.5.4.jar:/home/alvaro/.m2/repository/io/github/cdimascio/dotenv-java/2.2.0/dotenv-java-2.2.0.jar:/home/alvaro/.m2/repository/com/google/code/gson/gson/2.9.0/gson-2.9.0.jar:/home/alvaro/.m2/repository/junit/junit/4.4/junit-4.4.jar:/home/alvaro/.m2/repository/org/mockito/mockito-core/4.0.0/mockito-core-4.0.0.jar:/home/alvaro/.m2/repository/net/bytebuddy/byte-buddy/1.12.12/byte-buddy-1.12.12.jar:/home/alvaro/.m2/repository/net/bytebuddy/byte-buddy-agent/1.12.12/byte-buddy-agent-1.12.12.jar:/home/alvaro/.m2/repository/org/objenesis/objenesis/3.2/objenesis-3.2.jar:/home/alvaro/.m2/repository/com/github/ben-manes/caffeine/caffeine/2.7.0/caffeine-2.7.0.jar:/home/alvaro/.m2/repository/org/checkerframework/checker-qual/2.6.0/checker-qual-2.6.0.jar:/home/alvaro/.m2/repository/com/google/errorprone/error_prone_annotations/2.3.3/error_prone_annotations-2.3.3.jar:/home/alvaro/.m2/repository/org/springframework/boot/spring-boot-starter-cache/2.2.4.RELEASE/spring-boot-starter-cache-2.2.4.RELEASE.jar:/home/alvaro/.m2/repository/org/springframework/boot/spring-boot-starter/2.7.2/spring-boot-starter-2.7.2.jar:/home/alvaro/.m2/repository/org/springframework/boot/spring-boot/2.7.2/spring-boot-2.7.2.jar:/home/alvaro/.m2/repository/org/springframework/boot/spring-boot-autoconfigure/2.7.2/spring-boot-autoconfigure-2.7.2.jar:/home/alvaro/.m2/repository/org/springframework/boot/spring-boot-starter-logging/2.7.2/spring-boot-starter-logging-2.7.2.jar:/home/alvaro/.m2/repository/ch/qos/logback/logback-classic/1.2.11/logback-classic-1.2.11.jar:/home/alvaro/.m2/repository/ch/qos/logback/logback-core/1.2.11/logback-core-1.2.11.jar:/home/alvaro/.m2/repository/org/apache/logging/log4j/log4j-to-slf4j/2.17.2/log4j-to-slf4j-2.17.2.jar:/home/alvaro/.m2/repository/org/apache/logging/log4j/log4j-api/2.17.2/log4j-api-2.17.2.jar:/home/alvaro/.m2/repository/org/slf4j/jul-to-slf4j/1.7.36/jul-to-slf4j-1.7.36.jar:/home/alvaro/.m2/repository/jakarta/annotation/jakarta.annotation-api/1.3.5/jakarta.annotation-api-1.3.5.jar:/home/alvaro/.m2/repository/org/yaml/snakeyaml/1.30/snakeyaml-1.30.jar:/home/alvaro/.m2/repository/org/springframework/spring-context-support/5.3.22/spring-context-support-5.3.22.jar:/home/alvaro/.m2/repository/org/springframework/boot/spring-boot-starter-validation/2.7.2/spring-boot-starter-validation-2.7.2.jar:/home/alvaro/.m2/repository/org/apache/tomcat/embed/tomcat-embed-el/9.0.65/tomcat-embed-el-9.0.65.jar:/home/alvaro/.m2/repository/org/hibernate/validator/hibernate-validator/6.2.3.Final/hibernate-validator-6.2.3.Final.jar:/home/alvaro/.m2/repository/jakarta/validation/jakarta.validation-api/2.0.2/jakarta.validation-api-2.0.2.jar:/home/alvaro/.m2/repository/org/jboss/logging/jboss-logging/3.4.3.Final/jboss-logging-3.4.3.Final.jar:/home/alvaro/.m2/repository/com/fasterxml/classmate/1.5.1/classmate-1.5.1.jar:/home/alvaro/.m2/repository/org/springframework/boot/spring-boot-starter-web/2.7.2/spring-boot-starter-web-2.7.2.jar:/home/alvaro/.m2/repository/org/springframework/boot/spring-boot-starter-json/2.7.2/spring-boot-starter-json-2.7.2.jar:/home/alvaro/.m2/repository/com/fasterxml/jackson/core/jackson-databind/2.13.3/jackson-databind-2.13.3.jar:/home/alvaro/.m2/repository/com/fasterxml/jackson/core/jackson-annotations/2.13.3/jackson-annotations-2.13.3.jar:/home/alvaro/.m2/repository/com/fasterxml/jackson/core/jackson-core/2.13.3/jackson-core-2.13.3.jar:/home/alvaro/.m2/repository/com/fasterxml/jackson/datatype/jackson-datatype-jdk8/2.13.3/jackson-datatype-jdk8-2.13.3.jar:/home/alvaro/.m2/repository/com/fasterxml/jackson/datatype/jackson-datatype-jsr310/2.13.3/jackson-datatype-jsr310-2.13.3.jar:/home/alvaro/.m2/repository/com/fasterxml/jackson/module/jackson-module-parameter-names/2.13.3/jackson-module-parameter-names-2.13.3.jar:/home/alvaro/.m2/repository/org/springframework/boot/spring-boot-starter-tomcat/2.7.2/spring-boot-starter-tomcat-2.7.2.jar:/home/alvaro/.m2/repository/org/apache/tomcat/embed/tomcat-embed-core/9.0.65/tomcat-embed-core-9.0.65.jar:/home/alvaro/.m2/repository/org/apache/tomcat/embed/tomcat-embed-websocket/9.0.65/tomcat-embed-websocket-9.0.65.jar:/home/alvaro/.m2/repository/org/springframework/spring-web/5.3.22/spring-web-5.3.22.jar:/home/alvaro/.m2/repository/org/springframework/spring-webmvc/5.3.22/spring-webmvc-5.3.22.jar:/home/alvaro/.m2/repository/org/springframework/spring-aop/5.3.22/spring-aop-5.3.22.jar:/home/alvaro/.m2/repository/org/springframework/spring-expression/5.3.22/spring-expression-5.3.22.jar:/home/alvaro/.m2/repository/org/springframework/boot/spring-boot-starter-data-mongodb/2.7.2/spring-boot-starter-data-mongodb-2.7.2.jar:/home/alvaro/.m2/repository/org/mongodb/mongodb-driver-sync/4.6.1/mongodb-driver-sync-4.6.1.jar:/home/alvaro/.m2/repository/org/mongodb/bson/4.6.1/bson-4.6.1.jar:/home/alvaro/.m2/repository/org/mongodb/mongodb-driver-core/4.6.1/mongodb-driver-core-4.6.1.jar:/home/alvaro/.m2/repository/org/mongodb/bson-record-codec/4.6.1/bson-record-codec-4.6.1.jar:/home/alvaro/.m2/repository/org/springframework/data/spring-data-mongodb/3.4.2/spring-data-mongodb-3.4.2.jar:/home/alvaro/.m2/repository/org/springframework/spring-tx/5.3.22/spring-tx-5.3.22.jar:/home/alvaro/.m2/repository/org/springframework/data/spring-data-commons/2.7.2/spring-data-commons-2.7.2.jar:/home/alvaro/.m2/repository/org/slf4j/slf4j-api/1.7.36/slf4j-api-1.7.36.jar:/home/alvaro/.m2/repository/org/springframework/boot/spring-boot-starter-graphql/2.7.2/spring-boot-starter-graphql-2.7.2.jar:/home/alvaro/.m2/repository/org/springframework/graphql/spring-graphql/1.0.1/spring-graphql-1.0.1.jar:/home/alvaro/.m2/repository/org/projectlombok/lombok/1.18.24/lombok-1.18.24.jar:/home/alvaro/.m2/repository/org/springframework/boot/spring-boot-starter-test/2.7.2/spring-boot-starter-test-2.7.2.jar:/home/alvaro/.m2/repository/org/springframework/boot/spring-boot-test/2.7.2/spring-boot-test-2.7.2.jar:/home/alvaro/.m2/repository/org/springframework/boot/spring-boot-test-autoconfigure/2.7.2/spring-boot-test-autoconfigure-2.7.2.jar:/home/alvaro/.m2/repository/com/jayway/jsonpath/json-path/2.7.0/json-path-2.7.0.jar:/home/alvaro/.m2/repository/net/minidev/json-smart/2.4.8/json-smart-2.4.8.jar:/home/alvaro/.m2/repository/net/minidev/accessors-smart/2.4.8/accessors-smart-2.4.8.jar:/home/alvaro/.m2/repository/org/ow2/asm/asm/9.1/asm-9.1.jar:/home/alvaro/.m2/repository/jakarta/xml/bind/jakarta.xml.bind-api/2.3.3/jakarta.xml.bind-api-2.3.3.jar:/home/alvaro/.m2/repository/jakarta/activation/jakarta.activation-api/1.2.2/jakarta.activation-api-1.2.2.jar:/home/alvaro/.m2/repository/org/assertj/assertj-core/3.22.0/assertj-core-3.22.0.jar:/home/alvaro/.m2/repository/org/hamcrest/hamcrest/2.2/hamcrest-2.2.jar:/home/alvaro/.m2/repository/org/junit/jupiter/junit-jupiter/5.8.2/junit-jupiter-5.8.2.jar:/home/alvaro/.m2/repository/org/junit/jupiter/junit-jupiter-api/5.8.2/junit-jupiter-api-5.8.2.jar:/home/alvaro/.m2/repository/org/opentest4j/opentest4j/1.2.0/opentest4j-1.2.0.jar:/home/alvaro/.m2/repository/org/junit/platform/junit-platform-commons/1.8.2/junit-platform-commons-1.8.2.jar:/home/alvaro/.m2/repository/org/apiguardian/apiguardian-api/1.1.2/apiguardian-api-1.1.2.jar:/home/alvaro/.m2/repository/org/junit/jupiter/junit-jupiter-params/5.8.2/junit-jupiter-params-5.8.2.jar:/home/alvaro/.m2/repository/org/junit/jupiter/junit-jupiter-engine/5.8.2/junit-jupiter-engine-5.8.2.jar:/home/alvaro/.m2/repository/org/junit/platform/junit-platform-engine/1.8.2/junit-platform-engine-1.8.2.jar:/home/alvaro/.m2/repository/org/mockito/mockito-junit-jupiter/4.5.1/mockito-junit-jupiter-4.5.1.jar:/home/alvaro/.m2/repository/org/skyscreamer/jsonassert/1.5.1/jsonassert-1.5.1.jar:/home/alvaro/.m2/repository/com/vaadin/external/google/android-json/0.0.20131108.vaadin1/android-json-0.0.20131108.vaadin1.jar:/home/alvaro/.m2/repository/org/springframework/spring-core/5.3.22/spring-core-5.3.22.jar:/home/alvaro/.m2/repository/org/springframework/spring-jcl/5.3.22/spring-jcl-5.3.22.jar:/home/alvaro/.m2/repository/org/springframework/spring-test/5.3.22/spring-test-5.3.22.jar:/home/alvaro/.m2/repository/org/xmlunit/xmlunit-core/2.9.0/xmlunit-core-2.9.0.jar:/home/alvaro/.m2/repository/org/springframework/spring-webflux/5.3.22/spring-webflux-5.3.22.jar:/home/alvaro/.m2/repository/org/springframework/spring-beans/5.3.22/spring-beans-5.3.22.jar:/home/alvaro/.m2/repository/io/projectreactor/reactor-core/3.4.21/reactor-core-3.4.21.jar:/home/alvaro/.m2/repository/org/reactivestreams/reactive-streams/1.0.4/reactive-streams-1.0.4.jar:/home/alvaro/.m2/repository/org/springframework/graphql/spring-graphql-test/1.0.1/spring-graphql-test-1.0.1.jar:/home/alvaro/.m2/repository/com/graphql-java/graphql-java/18.2/graphql-java-18.2.jar:/home/alvaro/.m2/repository/com/graphql-java/java-dataloader/3.1.2/java-dataloader-3.1.2.jar:/home/alvaro/.m2/repository/org/antlr/antlr4-runtime/4.9.3/antlr4-runtime-4.9.3.jar:/home/alvaro/.m2/repository/org/springframework/spring-context/5.3.22/spring-context-5.3.22.jar:"/>
    <property name="sun.cpu.endian" value="little"/>
    <property name="user.home" value="/home/alvaro"/>
    <property name="user.language" value="es"/>
    <property name="java.specification.vendor" value="Oracle Corporation"/>
    <property name="java.version.date" value="2022-04-19"/>
    <property name="java.home" value="/usr/lib/jvm/java-17-openjdk-amd64"/>
    <property name="file.separator" value="/"/>
    <property name="basedir" value="/home/alvaro/IdeaProjects/heytrade_ta"/>
    <property name="java.vm.compressedOopsMode" value="Zero based"/>
    <property name="line.separator" value="&#10;"/>
    <property name="java.vm.specification.vendor" value="Oracle Corporation"/>
    <property name="java.specification.name" value="Java Platform API Specification"/>
    <property name="surefire.real.class.path" value="/home/alvaro/IdeaProjects/heytrade_ta/target/surefire/surefirebooter16155212835604865305.jar"/>
    <property name="sun.management.compiler" value="HotSpot 64-Bit Tiered Compilers"/>
    <property name="java.runtime.version" value="17.0.3+7-Ubuntu-0ubuntu0.22.04.1"/>
    <property name="user.name" value="alvaro"/>
    <property name="path.separator" value=":"/>
    <property name="os.version" value="5.15.0-41-generic"/>
    <property name="java.runtime.name" value="OpenJDK Runtime Environment"/>
    <property name="file.encoding" value="UTF-8"/>
    <property name="java.vm.name" value="OpenJDK 64-Bit Server VM"/>
    <property name="localRepository" value="/home/alvaro/.m2/repository"/>
    <property name="java.vendor.url.bug" value="Unknown"/>
    <property name="java.io.tmpdir" value="/tmp"/>
    <property name="java.version" value="17.0.3"/>
    <property name="user.dir" value="/home/alvaro/IdeaProjects/heytrade_ta"/>
    <property name="os.arch" value="amd64"/>
    <property name="java.vm.specification.name" value="Java Virtual Machine Specification"/>
    <property name="native.encoding" value="UTF-8"/>
    <property name="java.library.path" value="/usr/java/packages/lib:/usr/lib/x86_64-linux-gnu/jni:/lib/x86_64-linux-gnu:/usr/lib/x86_64-linux-gnu:/usr/lib/jni:/lib:/usr/lib"/>
    <property name="java.vm.info" value="mixed mode, sharing"/>
    <property name="java.vendor" value="Private Build"/>
    <property name="java.vm.version" value="17.0.3+7-Ubuntu-0ubuntu0.22.04.1"/>
    <property name="sun.io.unicode.encoding" value="UnicodeLittle"/>
    <property name="java.class.version" value="61.0"/>
  </properties>
  <testcase name="updatePokemon" classname="com.heytrade.pokedex.controller.PokemonControllerTest" time="0.051"/>
  <testcase name="getAll" classname="com.heytrade.pokedex.controller.PokemonControllerTest" time="0.014"/>
  <testcase name="getById" classname="com.heytrade.pokedex.controller.PokemonControllerTest" time="0.017"/>
  <testcase name="savePokemon" classname="com.heytrade.pokedex.controller.PokemonControllerTest" time="0.032"/>
  <testcase name="savePokemons" classname="com.heytrade.pokedex.controller.PokemonControllerTest" time="0.126"/>
  <testcase name="deletePokemonById" classname="com.heytrade.pokedex.controller.PokemonControllerTest" time="0.029"/>
</testsuite>